TN:
SF:user.js
FN:29,Object.<anonymous>
FN:2,User
FN:8,status
FN:12,changeLastname
FN:16,changeFirstname
FNF:5
FNH:4
FNDA:1,Object.<anonymous>
FNDA:2,User
FNDA:0,status
FNDA:1,changeLastname
FNDA:1,changeFirstname
DA:1,1
DA:2,1
DA:3,2
DA:4,2
DA:5,2
DA:6,2
DA:7,1
DA:8,1
DA:9,0
DA:10,0
DA:11,1
DA:12,1
DA:13,1
DA:14,1
DA:15,1
DA:16,1
DA:17,1
DA:18,1
DA:19,1
DA:20,1
DA:21,1
DA:22,1
DA:23,1
DA:24,1
DA:25,1
DA:26,1
DA:27,1
DA:28,1
DA:29,1
LF:29
LH:27
BRDA:29,0,0,1
BRDA:29,1,0,1
BRDA:2,2,0,2
BRDA:12,3,0,1
BRDA:16,4,0,1
BRF:5
BRH:5
end_of_record
